[2021-03-05 21:29:21.806] [renderer1] [error] Unable to find matching pair for < at char 585: Error: Unable to find matching pair for < at char 585
	at t.a.error (/opt/visual-studio-code/resources/app/extensions/emmet/dist/node/emmetNodeMain.js:1:13638)
	at f (/opt/visual-studio-code/resources/app/extensions/emmet/dist/node/emmetNodeMain.js:1:3423)
	at u (/opt/visual-studio-code/resources/app/extensions/emmet/dist/node/emmetNodeMain.js:1:45708)
	at l (/opt/visual-studio-code/resources/app/extensions/emmet/dist/node/emmetNodeMain.js:1:45830)
	at /opt/visual-studio-code/resources/app/extensions/emmet/dist/node/emmetNodeMain.js:1:46456
	at h (/opt/visual-studio-code/resources/app/extensions/emmet/dist/node/emmetNodeMain.js:1:46563)
	at C (/opt/visual-studio-code/resources/app/extensions/emmet/dist/node/emmetNodeMain.js:1:47494)
	at t.default (/opt/visual-studio-code/resources/app/extensions/emmet/dist/node/emmetNodeMain.js:1:47904)
	at Object.t.getRootNode (/opt/visual-studio-code/resources/app/extensions/emmet/dist/node/emmetNodeMain.js:1:12761)
	at t.DefaultCompletionItemProvider.provideCompletionItemsInternal (/opt/visual-studio-code/resources/app/extensions/emmet/dist/node/emmetNodeMain.js:1:59332)
	at t.DefaultCompletionItemProvider.provideCompletionItems (/opt/visual-studio-code/resources/app/extensions/emmet/dist/node/emmetNodeMain.js:1:58225)
	at /opt/visual-studio-code/resources/app/out/vs/workbench/services/extensions/node/extensionHostProcess.js:87:167643
	at /opt/visual-studio-code/resources/app/out/vs/workbench/services/extensions/node/extensionHostProcess.js:57:7538
	at new Promise (<anonymous>)
	at Object.p [as asPromise] (/opt/visual-studio-code/resources/app/out/vs/workbench/services/extensions/node/extensionHostProcess.js:57:7510)
	at U.provideCompletionItems (/opt/visual-studio-code/resources/app/out/vs/workbench/services/extensions/node/extensionHostProcess.js:87:167614)
	at /opt/visual-studio-code/resources/app/out/vs/workbench/services/extensions/node/extensionHostProcess.js:87:186065
	at Se._withAdapter (/opt/visual-studio-code/resources/app/out/vs/workbench/services/extensions/node/extensionHostProcess.js:87:176060)
	at Se.$provideCompletionItems (/opt/visual-studio-code/resources/app/out/vs/workbench/services/extensions/node/extensionHostProcess.js:87:186041)
	at u._doInvokeHandler (/opt/visual-studio-code/resources/app/out/vs/workbench/services/extensions/node/extensionHostProcess.js:90:10509)
	at u._invokeHandler (/opt/visual-studio-code/resources/app/out/vs/workbench/services/extensions/node/extensionHostProcess.js:90:10201)
	at u._receiveRequest (/opt/visual-studio-code/resources/app/out/vs/workbench/services/extensions/node/extensionHostProcess.js:90:8820)
	at u._receiveOneMessage (/opt/visual-studio-code/resources/app/out/vs/workbench/services/extensions/node/extensionHostProcess.js:90:7673)
	at /opt/visual-studio-code/resources/app/out/vs/workbench/services/extensions/node/extensionHostProcess.js:90:5782
	at p.fire (/opt/visual-studio-code/resources/app/out/vs/workbench/services/extensions/node/extensionHostProcess.js:57:1836)
	at g.fire (/opt/visual-studio-code/resources/app/out/vs/workbench/services/extensions/node/extensionHostProcess.js:65:15443)
	at /opt/visual-studio-code/resources/app/out/vs/workbench/services/extensions/node/extensionHostProcess.js:106:29119
	at p.fire (/opt/visual-studio-code/resources/app/out/vs/workbench/services/extensions/node/extensionHostProcess.js:57:1836)
	at g.fire (/opt/visual-studio-code/resources/app/out/vs/workbench/services/extensions/node/extensionHostProcess.js:65:15443)
	at t._receiveMessage (/opt/visual-studio-code/resources/app/out/vs/workbench/services/extensions/node/extensionHostProcess.js:65:20693)
	at /opt/visual-studio-code/resources/app/out/vs/workbench/services/extensions/node/extensionHostProcess.js:65:17587
	at p.fire (/opt/visual-studio-code/resources/app/out/vs/workbench/services/extensions/node/extensionHostProcess.js:57:1836)
	at l.acceptChunk (/opt/visual-studio-code/resources/app/out/vs/workbench/services/extensions/node/extensionHostProcess.js:65:12808)
	at /opt/visual-studio-code/resources/app/out/vs/workbench/services/extensions/node/extensionHostProcess.js:65:12156
	at Socket.E (/opt/visual-studio-code/resources/app/out/vs/workbench/services/extensions/node/extensionHostProcess.js:106:12375)
	at Socket.emit (events.js:315:20)
	at addChunk (_stream_readable.js:295:12)
	at readableAddChunk (_stream_readable.js:271:9)
	at Socket.Readable.push (_stream_readable.js:212:10)
	at Pipe.onStreamRead (internal/stream_base_commons.js:186:23)
